TN:
SF:/home/joksa/cgit/src/commands/addCommands.c
FN:10,63,addToInexCommand
FNDA:0,addToInexCommand
FNF:1
FNH:0
DA:10,0
DA:13,0
DA:14,0
DA:15,0
DA:18,0
DA:19,0
DA:20,0
DA:21,0
DA:24,0
DA:25,0
DA:28,0
DA:29,0
DA:30,0
DA:31,0
DA:35,0
DA:36,0
DA:37,0
DA:39,0
DA:40,0
DA:41,0
DA:43,0
DA:46,0
DA:47,0
DA:48,0
DA:49,0
DA:50,0
DA:51,0
DA:52,0
DA:54,0
DA:56,0
DA:59,0
DA:62,0
LF:32
LH:0
end_of_record
TN:
SF:/home/joksa/cgit/src/commands/blobCommands.c
FN:10,76,catBlob
FN:78,90,blob
FNDA:0,catBlob
FNDA:1,blob
FNF:2
FNH:1
DA:10,0
DA:12,0
DA:14,0
DA:15,0
DA:16,0
DA:18,0
DA:19,0
DA:20,0
DA:22,0
DA:23,0
DA:24,0
DA:26,0
DA:27,0
DA:28,0
DA:30,0
DA:33,0
DA:34,0
DA:35,0
DA:36,0
DA:38,0
DA:39,0
DA:40,0
DA:41,0
DA:43,0
DA:44,0
DA:45,0
DA:47,0
DA:48,0
DA:49,0
DA:50,0
DA:53,0
DA:55,0
DA:56,0
DA:57,0
DA:58,0
DA:60,0
DA:61,0
DA:62,0
DA:63,0
DA:66,0
DA:67,0
DA:68,0
DA:70,0
DA:71,0
DA:72,0
DA:73,0
DA:74,0
DA:76,0
DA:78,1
DA:80,1
DA:81,0
DA:82,0
DA:84,1
DA:85,0
DA:86,0
DA:89,1
DA:90,1
LF:57
LH:5
end_of_record
TN:
SF:/home/joksa/cgit/src/commands/init.c
FN:8,38,init
FNDA:5,init
FNF:1
FNH:1
DA:8,5
DA:10,5
DA:11,3
DA:12,3
DA:15,2
DA:16,2
DA:17,0
DA:18,0
DA:20,2
DA:21,2
DA:23,2
DA:24,2
DA:25,0
DA:26,0
DA:28,2
DA:30,2
DA:31,2
DA:32,1
DA:33,1
DA:35,1
DA:37,1
DA:38,1
LF:22
LH:18
end_of_record
TN:
SF:/home/joksa/cgit/src/commands/treeCommands.c
FN:10,97,listTree
FN:99,102,writeTree
FNDA:0,listTree
FNDA:0,writeTree
FNF:2
FNH:0
DA:10,0
DA:12,0
DA:13,0
DA:14,0
DA:15,0
DA:16,0
DA:18,0
DA:20,0
DA:21,0
DA:22,0
DA:24,0
DA:25,0
DA:26,0
DA:28,0
DA:29,0
DA:30,0
DA:32,0
DA:36,0
DA:38,0
DA:40,0
DA:41,0
DA:42,0
DA:43,0
DA:46,0
DA:47,0
DA:48,0
DA:49,0
DA:50,0
DA:51,0
DA:52,0
DA:54,0
DA:56,0
DA:57,0
DA:59,0
DA:60,0
DA:61,0
DA:63,0
DA:64,0
DA:65,0
DA:67,0
DA:69,0
DA:70,0
DA:71,0
DA:72,0
DA:73,0
DA:76,0
DA:77,0
DA:78,0
DA:79,0
DA:80,0
DA:82,0
DA:85,0
DA:87,0
DA:88,0
DA:89,0
DA:90,0
DA:91,0
DA:92,0
DA:93,0
DA:94,0
DA:95,0
DA:97,0
DA:99,0
DA:101,0
DA:102,0
LF:65
LH:0
end_of_record
TN:
SF:/home/joksa/cgit/src/core/blob.c
FN:11,90,createBlob
FNDA:1,createBlob
FNF:1
FNH:1
DA:11,1
DA:13,1
DA:14,1
DA:15,1
DA:16,1
DA:17,1
DA:18,1
DA:19,1
DA:21,1
DA:23,1
DA:24,1
DA:25,0
DA:26,0
DA:27,0
DA:30,1
DA:31,1
DA:32,1
DA:34,1
DA:35,1
DA:36,0
DA:37,0
DA:40,1
DA:41,1
DA:42,1
DA:43,1
DA:44,1
DA:45,0
DA:46,0
DA:49,1
DA:50,1
DA:52,1
DA:55,1
DA:57,1
DA:59,1
DA:62,1
DA:63,1
DA:64,0
DA:65,0
DA:66,0
DA:69,1
DA:70,1
DA:71,1
DA:72,1
DA:74,1
DA:75,1
DA:76,1
DA:77,1
DA:78,1
DA:79,1
DA:80,1
DA:81,1
DA:82,1
DA:84,1
DA:85,0
DA:86,0
DA:89,1
LF:56
LH:44
end_of_record
TN:
SF:/home/joksa/cgit/src/core/commit.c
FN:6,12,createCommit
FNDA:0,createCommit
FNF:1
FNH:0
DA:6,0
DA:8,0
DA:12,0
LF:3
LH:0
end_of_record
TN:
SF:/home/joksa/cgit/src/core/object.c
FN:14,44,zlib_decompress
FN:46,65,zlib_compress
FN:67,83,createObjectPath
FNDA:1,zlib_decompress
FNDA:2,zlib_compress
FNDA:1,createObjectPath
FNF:3
FNH:3
DA:14,1
DA:16,1
DA:18,1
DA:20,1
DA:21,1
DA:22,1
DA:23,1
DA:25,1
DA:26,0
DA:27,0
DA:28,0
DA:31,1
DA:32,0
DA:33,0
DA:34,0
DA:35,0
DA:38,1
DA:39,1
DA:40,1
DA:43,1
DA:46,2
DA:49,2
DA:51,2
DA:52,2
DA:54,2
DA:55,2
DA:57,2
DA:58,2
DA:60,2
DA:61,2
DA:62,2
DA:64,2
DA:67,1
DA:69,1
DA:70,1
DA:71,1
DA:72,0
DA:73,0
DA:76,1
DA:77,1
DA:79,1
DA:81,1
DA:82,1
LF:43
LH:34
end_of_record
TN:
SF:/home/joksa/cgit/src/core/tree.c
FN:16,174,tree
FN:178,181,writeTreeFromIndex
FNDA:0,tree
FNDA:1,writeTreeFromIndex
FNF:2
FNH:1
DA:16,0
DA:18,0
DA:19,0
DA:20,0
DA:21,0
DA:22,0
DA:23,0
DA:24,0
DA:25,0
DA:26,0
DA:28,0
DA:29,0
DA:31,0
DA:32,0
DA:34,0
DA:35,0
DA:36,0
DA:37,0
DA:38,0
DA:41,0
DA:42,0
DA:43,0
DA:44,0
DA:46,0
DA:48,0
DA:49,0
DA:50,0
DA:51,0
DA:54,0
DA:55,0
DA:57,0
DA:59,0
DA:60,0
DA:61,0
DA:64,0
DA:65,0
DA:66,0
DA:67,0
DA:68,0
DA:69,0
DA:70,0
DA:71,0
DA:72,0
DA:73,0
DA:74,0
DA:75,0
DA:77,0
DA:78,0
DA:81,0
DA:82,0
DA:83,0
DA:86,0
DA:87,0
DA:89,0
DA:90,0
DA:91,0
DA:92,0
DA:94,0
DA:95,0
DA:96,0
DA:97,0
DA:100,0
DA:101,0
DA:102,0
DA:104,0
DA:105,0
DA:107,0
DA:108,0
DA:109,0
DA:110,0
DA:113,0
DA:114,0
DA:116,0
DA:117,0
DA:118,0
DA:119,0
DA:123,0
DA:125,0
DA:127,0
DA:128,0
DA:129,0
DA:130,0
DA:133,0
DA:134,0
DA:135,0
DA:136,0
DA:139,0
DA:140,0
DA:141,0
DA:142,0
DA:143,0
DA:146,0
DA:148,0
DA:149,0
DA:150,0
DA:151,0
DA:152,0
DA:153,0
DA:155,0
DA:156,0
DA:157,0
DA:158,0
DA:159,0
DA:160,0
DA:161,0
DA:162,0
DA:163,0
DA:165,0
DA:166,0
DA:167,0
DA:168,0
DA:169,0
DA:170,0
DA:171,0
DA:173,0
DA:178,1
DA:180,1
LF:117
LH:2
end_of_record
TN:
SF:/home/joksa/cgit/src/util/hash.c
FN:6,14,hash
FNDA:2,hash
FNF:1
FNH:1
DA:6,2
DA:8,2
DA:9,42
DA:10,40
DA:13,2
DA:14,2
LF:6
LH:6
end_of_record
TN:
SF:/home/joksa/cgit/src/util/ignore.c
FN:9,42,isIgnored
FNDA:0,isIgnored
FNF:1
FNH:0
DA:9,0
DA:11,0
DA:12,0
DA:13,0
DA:14,0
DA:15,0
DA:16,0
DA:19,0
DA:21,0
DA:23,0
DA:24,0
DA:25,0
DA:28,0
DA:29,0
DA:31,0
DA:34,0
DA:35,0
DA:36,0
DA:37,0
DA:40,0
DA:41,0
LF:21
LH:0
end_of_record
TN:
SF:/home/joksa/cgit/src/util/read.c
FN:29,42,readTargetHash
FN:44,61,fileContainsString
FN:7,27,readHeadTarget
FNDA:0,readTargetHash
FNDA:0,fileContainsString
FNDA:0,readHeadTarget
FNF:3
FNH:0
DA:7,0
DA:10,0
DA:11,0
DA:12,0
DA:14,0
DA:15,0
DA:16,0
DA:18,0
DA:19,0
DA:20,0
DA:21,0
DA:24,0
DA:25,0
DA:26,0
DA:29,0
DA:31,0
DA:32,0
DA:33,0
DA:35,0
DA:36,0
DA:37,0
DA:39,0
DA:40,0
DA:41,0
DA:44,0
DA:45,0
DA:46,0
DA:47,0
DA:49,0
DA:50,0
DA:51,0
DA:52,0
DA:53,0
DA:54,0
DA:58,0
DA:59,0
DA:60,0
LF:37
LH:0
end_of_record
